2020-06-15 18:18:48 - PHP Warning:  Use of undefined constant DB_DRIVER - assumed 'DB_DRIVER' (this will throw an Error in a future version of PHP) in /home/vagrant/code/opencart/upload/install/controller/startup/database.php on line 19
2020-06-15 18:18:48 - PHP Warning:  Use of undefined constant DB_HOSTNAME - assumed 'DB_HOSTNAME' (this will throw an Error in a future version of PHP) in /home/vagrant/code/opencart/upload/install/controller/startup/database.php on line 19
2020-06-15 18:18:48 - PHP Warning:  Use of undefined constant DB_USERNAME - assumed 'DB_USERNAME' (this will throw an Error in a future version of PHP) in /home/vagrant/code/opencart/upload/install/controller/startup/database.php on line 19
2020-06-15 18:18:48 - PHP Warning:  Use of undefined constant DB_PASSWORD - assumed 'DB_PASSWORD' (this will throw an Error in a future version of PHP) in /home/vagrant/code/opencart/upload/install/controller/startup/database.php on line 19
2020-06-15 18:18:48 - PHP Warning:  Use of undefined constant DB_DATABASE - assumed 'DB_DATABASE' (this will throw an Error in a future version of PHP) in /home/vagrant/code/opencart/upload/install/controller/startup/database.php on line 19
2020-06-15 18:18:55 - PHP Warning:  Use of undefined constant DB_DRIVER - assumed 'DB_DRIVER' (this will throw an Error in a future version of PHP) in /home/vagrant/code/opencart/upload/install/controller/startup/database.php on line 19
2020-06-15 18:18:55 - PHP Warning:  Use of undefined constant DB_HOSTNAME - assumed 'DB_HOSTNAME' (this will throw an Error in a future version of PHP) in /home/vagrant/code/opencart/upload/install/controller/startup/database.php on line 19
2020-06-15 18:18:55 - PHP Warning:  Use of undefined constant DB_USERNAME - assumed 'DB_USERNAME' (this will throw an Error in a future version of PHP) in /home/vagrant/code/opencart/upload/install/controller/startup/database.php on line 19
2020-06-15 18:18:55 - PHP Warning:  Use of undefined constant DB_PASSWORD - assumed 'DB_PASSWORD' (this will throw an Error in a future version of PHP) in /home/vagrant/code/opencart/upload/install/controller/startup/database.php on line 19
2020-06-15 18:18:55 - PHP Warning:  Use of undefined constant DB_DATABASE - assumed 'DB_DATABASE' (this will throw an Error in a future version of PHP) in /home/vagrant/code/opencart/upload/install/controller/startup/database.php on line 19
2020-06-15 18:25:37 - PHP Warning:  Use of undefined constant DB_DRIVER - assumed 'DB_DRIVER' (this will throw an Error in a future version of PHP) in /home/vagrant/code/opencart/upload/install/controller/startup/database.php on line 19
2020-06-15 18:25:37 - PHP Warning:  Use of undefined constant DB_HOSTNAME - assumed 'DB_HOSTNAME' (this will throw an Error in a future version of PHP) in /home/vagrant/code/opencart/upload/install/controller/startup/database.php on line 19
2020-06-15 18:25:37 - PHP Warning:  Use of undefined constant DB_USERNAME - assumed 'DB_USERNAME' (this will throw an Error in a future version of PHP) in /home/vagrant/code/opencart/upload/install/controller/startup/database.php on line 19
2020-06-15 18:25:37 - PHP Warning:  Use of undefined constant DB_PASSWORD - assumed 'DB_PASSWORD' (this will throw an Error in a future version of PHP) in /home/vagrant/code/opencart/upload/install/controller/startup/database.php on line 19
2020-06-15 18:25:37 - PHP Warning:  Use of undefined constant DB_DATABASE - assumed 'DB_DATABASE' (this will throw an Error in a future version of PHP) in /home/vagrant/code/opencart/upload/install/controller/startup/database.php on line 19
2020-06-15 18:25:48 - PHP Warning:  Use of undefined constant DB_DRIVER - assumed 'DB_DRIVER' (this will throw an Error in a future version of PHP) in /home/vagrant/code/opencart/upload/install/controller/startup/database.php on line 19
2020-06-15 18:25:48 - PHP Warning:  Use of undefined constant DB_HOSTNAME - assumed 'DB_HOSTNAME' (this will throw an Error in a future version of PHP) in /home/vagrant/code/opencart/upload/install/controller/startup/database.php on line 19
2020-06-15 18:25:48 - PHP Warning:  Use of undefined constant DB_USERNAME - assumed 'DB_USERNAME' (this will throw an Error in a future version of PHP) in /home/vagrant/code/opencart/upload/install/controller/startup/database.php on line 19
2020-06-15 18:25:48 - PHP Warning:  Use of undefined constant DB_PASSWORD - assumed 'DB_PASSWORD' (this will throw an Error in a future version of PHP) in /home/vagrant/code/opencart/upload/install/controller/startup/database.php on line 19
2020-06-15 18:25:48 - PHP Warning:  Use of undefined constant DB_DATABASE - assumed 'DB_DATABASE' (this will throw an Error in a future version of PHP) in /home/vagrant/code/opencart/upload/install/controller/startup/database.php on line 19
2020-06-15 20:53:22 - PHP Warning:  count(): Parameter must be an array or an object that implements Countable in /home/vagrant/code/opencart/upload/system/library/template/Twig/Node/Module.php on line 346
